ABC command line: "read bacs/abs_diff.v; strash; if -a -K 6; write abs_diff_tmp.v;".

/----------------------------------------------------------------------------\
|                                                                            |
|  BLASYS -- Approximate Logic Synthesis Using Boolean Matrix Factorization  |
|  Version: 0.5-beta                                                       |
|                                                                            |
|  Copyright (C) 2019  SCALE Lab, Brown University                           |
|                                                                            |
|  Permission to use, copy, modify, and/or distribute this software for any  |
|  purpose with or without fee is hereby granted, provided that the above    |
|  copyright notice and this permission notice appear in all copies.         |
|                                                                            |
|  THE SOFTWARE IS PROVIDED "AS IS" AND THE AUTHOR DISCLAIMS ALL WARRANTIES  |
|  WITH REGARD TO THIS SOFTWARE INCLUDING ALL IMPLIED WARRANTIES OF          |
|  MERCHANTABILITY AND FITNESS. IN NO EVENT SHALL THE AUTHOR BE LIABLE FOR   |
|  ANY SPECIAL, DIRECT, INDIRECT, OR CONSEQUENTIAL DAMAGES OR ANY DAMAGES    |
|  WHATSOEVER RESULTING FROM LOSS OF USE, DATA OR PROFITS, WHETHER IN AN     |
|  ACTION OF CONTRACT, NEGLIGENCE OR OTHER TORTIOUS ACTION, ARISING OUT OF   |
|  OR IN CONNECTION WITH THE USE OR PERFORMANCE OF THIS SOFTWARE.            |
|                                                                            |
\----------------------------------------------------------------------------/
Checking software dependency ...
Create output directory...
Simulating truth table on input design...
Synthesizing input design with original partitions...
Original design area  114.11
Original design delay 319.86
Parsing input verilog into aig format ...
Partitioning input circuit...
Number of partitions 5
Create testbench for partition 0
Generate truth table for partition 0
Create testbench for partition 1
Generate truth table for partition 1
Create testbench for partition 2
Generate truth table for partition 2
Create testbench for partition 3
Generate truth table for partition 3
Create testbench for partition 4
Generate truth table for partition 4
==================== Starting Approximation by Greedy Search  ====================
Current stream of factorization degree:
 [6, 5, 4, 4, 3]
--------------- Iteration 0 ---------------
==========TRACK 0 ==========
Evaluating Design: [6, 5, 4, 4, 2]
----- Approximating part 4 to degree 2
Simulation error: 0.124755	Circuit area: 76.870000	Circuit delay: 357.360000
Evaluating Design: [6, 5, 3, 4, 3]
----- Approximating part 2 to degree 3
Simulation error: 0.007339	Circuit area: 89.640000	Circuit delay: 451.230000
Evaluating Design: [6, 5, 4, 3, 3]
----- Approximating part 3 to degree 3
Simulation error: 0.014127	Circuit area: 77.670000	Circuit delay: 351.030000
Evaluating Design: [6, 4, 4, 4, 3]
----- Approximating part 1 to degree 4
Simulation error: 0.000000	Circuit area: 81.400000	Circuit delay: 370.160000
Evaluating Design: [5, 5, 4, 4, 3]
----- Approximating part 0 to degree 5
Simulation error: 0.005489	Circuit area: 103.740000	Circuit delay: 362.070000
--------------- Finishing Iteration0---------------
Partition [array([1])] being approximated
Approximated error: 0.000000	Area : 81.400000	Delay : 370.160000	Time used: 3.188989 sec

Current stream of factorization degree:
 [6, 4, 4, 4, 3]
[6, 5, 3, 4, 3]
[6, 5, 4, 3, 3]
--------------- Iteration 1 ---------------
==========TRACK 0 ==========
Evaluating Design: [6, 4, 4, 4, 2]
Simulation error: 0.124755	Circuit area: 77.410000	Circuit delay: 357.200000
Evaluating Design: [6, 4, 4, 3, 3]
Simulation error: 0.014127	Circuit area: 77.670000	Circuit delay: 351.030000
Evaluating Design: [6, 4, 3, 4, 3]
Simulation error: 0.007339	Circuit area: 89.380000	Circuit delay: 451.990000
Evaluating Design: [5, 4, 4, 4, 3]
Simulation error: 0.006039	Circuit area: 110.660000	Circuit delay: 430.250000
Evaluating Design: [6, 3, 4, 4, 3]
----- Approximating part 1 to degree 3
Simulation error: 0.017291	Circuit area: 84.850000	Circuit delay: 376.760000
==========TRACK 1 ==========
Evaluating Design: [6, 5, 3, 4, 2]
Simulation error: 0.123838	Circuit area: 89.380000	Circuit delay: 445.980000
Evaluating Design: [6, 5, 3, 3, 3]
Simulation error: 0.014127	Circuit area: 81.930000	Circuit delay: 405.220000
Evaluating Design: [5, 5, 3, 4, 3]
Simulation error: 0.011184	Circuit area: 140.180000	Circuit delay: 497.630000
Evaluating Design: [6, 5, 2, 4, 3]
----- Approximating part 2 to degree 2
Simulation error: 0.029415	Circuit area: 102.940000	Circuit delay: 352.620000
==========TRACK 2 ==========
Evaluating Design: [6, 5, 4, 3, 2]
Simulation error: 0.117295	Circuit area: 75.540000	Circuit delay: 388.100000
Evaluating Design: [5, 5, 4, 3, 3]
Simulation error: 0.017817	Circuit area: 97.360000	Circuit delay: 371.090000
Evaluating Design: [6, 5, 4, 2, 3]
----- Approximating part 3 to degree 2
Simulation error: 0.031800	Circuit area: 68.890000	Circuit delay: 338.040000
--------------- Finishing Iteration1---------------
Partition [array([1, 2])] being approximated
Approximated error: 0.007339	Area : 89.380000	Delay : 451.990000	Time used: 8.235471 sec

Current stream of factorization degree:
 [6, 4, 3, 4, 3]
[6, 4, 4, 3, 3]
[6, 5, 3, 3, 3]
--------------- Iteration 2 ---------------
==========TRACK 0 ==========
Evaluating Design: [6, 4, 3, 3, 3]
Simulation error: 0.014127	Circuit area: 82.190000	Circuit delay: 399.540000
Evaluating Design: [6, 4, 2, 4, 3]
Simulation error: 0.029415	Circuit area: 105.600000	Circuit delay: 343.090000
Evaluating Design: [6, 3, 3, 4, 3]
Simulation error: 0.012384	Circuit area: 95.230000	Circuit delay: 497.700000
Evaluating Design: [6, 4, 3, 4, 2]
Simulation error: 0.123838	Circuit area: 89.380000	Circuit delay: 445.980000
Evaluating Design: [5, 4, 3, 4, 3]
Simulation error: 0.011734	Circuit area: 126.880000	Circuit delay: 547.800000
==========TRACK 1 ==========
Evaluating Design: [6, 3, 4, 3, 3]
Simulation error: 0.021970	Circuit area: 83.790000	Circuit delay: 373.780000
Evaluating Design: [6, 4, 4, 3, 2]
Simulation error: 0.117295	Circuit area: 75.540000	Circuit delay: 388.100000
Evaluating Design: [6, 4, 4, 2, 3]
Simulation error: 0.031800	Circuit area: 86.720000	Circuit delay: 300.700000
Evaluating Design: [5, 4, 4, 3, 3]
Simulation error: 0.017939	Circuit area: 104.540000	Circuit delay: 395.810000
==========TRACK 2 ==========
Evaluating Design: [6, 5, 2, 3, 3]
Simulation error: 0.034094	Circuit area: 99.480000	Circuit delay: 343.000000
Evaluating Design: [6, 5, 3, 2, 3]
Simulation error: 0.031800	Circuit area: 82.990000	Circuit delay: 320.810000
Evaluating Design: [6, 5, 3, 3, 2]
Simulation error: 0.117295	Circuit area: 82.190000	Circuit delay: 402.800000
Evaluating Design: [5, 5, 3, 3, 3]
Simulation error: 0.017144	Circuit area: 127.680000	Circuit delay: 495.000000
--------------- Finishing Iteration2---------------
Partition [array([1, 2, 3])] being approximated
Approximated error: 0.014127	Area : 82.190000	Delay : 399.540000	Time used: 8.283382 sec

Current stream of factorization degree:
 [6, 4, 3, 3, 3]
[6, 3, 3, 4, 3]
[6, 3, 4, 3, 3]
--------------- Iteration 3 ---------------
==========TRACK 0 ==========
Evaluating Design: [6, 4, 3, 2, 3]
Simulation error: 0.031800	Circuit area: 82.990000	Circuit delay: 320.810000
Evaluating Design: [6, 4, 2, 3, 3]
Simulation error: 0.034094	Circuit area: 98.420000	Circuit delay: 320.980000
Evaluating Design: [6, 3, 3, 3, 3]
Simulation error: 0.019631	Circuit area: 92.830000	Circuit delay: 498.860000
Evaluating Design: [6, 4, 3, 3, 2]
Simulation error: 0.117295	Circuit area: 82.190000	Circuit delay: 402.800000
Evaluating Design: [5, 4, 3, 3, 3]
Simulation error: 0.017267	Circuit area: 140.710000	Circuit delay: 620.560000
==========TRACK 1 ==========
Evaluating Design: [6, 3, 2, 4, 3]
Simulation error: 0.029415	Circuit area: 106.130000	Circuit delay: 333.050000
Evaluating Design: [6, 3, 3, 4, 2]
Simulation error: 0.135282	Circuit area: 93.370000	Circuit delay: 506.860000
Evaluating Design: [5, 3, 3, 4, 3]
Simulation error: 0.015297	Circuit area: 115.180000	Circuit delay: 536.410000
Evaluating Design: [6, 2, 3, 4, 3]
----- Approximating part 1 to degree 2
Simulation error: 0.024225	Circuit area: 84.320000	Circuit delay: 427.070000
==========TRACK 2 ==========
Evaluating Design: [6, 3, 4, 2, 3]
Simulation error: 0.036593	Circuit area: 82.190000	Circuit delay: 315.640000
Evaluating Design: [6, 3, 4, 3, 2]
Simulation error: 0.129587	Circuit area: 83.260000	Circuit delay: 429.110000
Evaluating Design: [6, 2, 4, 3, 3]
Simulation error: 0.039911	Circuit area: 78.740000	Circuit delay: 396.870000
Evaluating Design: [5, 3, 4, 3, 3]
Simulation error: 0.024033	Circuit area: 109.330000	Circuit delay: 430.490000
--------------- Finishing Iteration3---------------
Partition [array([1, 2])] being approximated
Approximated error: 0.024225	Area : 84.320000	Delay : 427.070000	Time used: 8.525471 sec

Current stream of factorization degree:
 [6, 2, 3, 4, 3]
[6, 3, 3, 3, 3]
[6, 4, 3, 2, 3]
--------------- Iteration 4 ---------------
==========TRACK 0 ==========
Evaluating Design: [6, 2, 2, 4, 3]
Simulation error: 0.043672	Circuit area: 84.320000	Circuit delay: 386.640000
Evaluating Design: [6, 2, 3, 3, 3]
Simulation error: 0.029989	Circuit area: 82.190000	Circuit delay: 424.250000
Evaluating Design: [6, 1, 3, 4, 3]
----- Approximating part 1 to degree 1
Simulation error: 0.025389	Circuit area: 66.770000	Circuit delay: 365.370000
Evaluating Design: [5, 2, 3, 4, 3]
Simulation error: 0.028147	Circuit area: 122.630000	Circuit delay: 531.980000
Evaluating Design: [6, 2, 3, 4, 2]
Simulation error: 0.135519	Circuit area: 97.360000	Circuit delay: 472.480000
==========TRACK 1 ==========
Evaluating Design: [6, 3, 3, 2, 3]
Simulation error: 0.036593	Circuit area: 72.350000	Circuit delay: 378.260000
Evaluating Design: [6, 3, 3, 3, 2]
Simulation error: 0.127041	Circuit area: 92.040000	Circuit delay: 508.730000
Evaluating Design: [6, 3, 2, 3, 3]
Simulation error: 0.034094	Circuit area: 95.760000	Circuit delay: 327.240000
Evaluating Design: [5, 3, 3, 3, 3]
Simulation error: 0.021496	Circuit area: 112.520000	Circuit delay: 528.910000
==========TRACK 2 ==========
Evaluating Design: [6, 4, 3, 2, 2]
Simulation error: 0.140472	Circuit area: 75.810000	Circuit delay: 327.860000
Evaluating Design: [6, 4, 2, 2, 3]
Simulation error: 0.041432	Circuit area: 75.280000	Circuit delay: 313.810000
Evaluating Design: [5, 4, 3, 2, 3]
Simulation error: 0.034782	Circuit area: 100.020000	Circuit delay: 376.080000
Evaluating Design: [6, 4, 3, 1, 3]
----- Approximating part 3 to degree 1
Simulation error: 0.059217	Circuit area: 61.450000	Circuit delay: 200.270000
--------------- Finishing Iteration4---------------
Partition [array([1, 2])] being approximated
Approximated error: 0.025389	Area : 66.770000	Delay : 365.370000	Time used: 8.078877 sec

Current stream of factorization degree:
 [6, 1, 3, 4, 3]
[6, 3, 3, 2, 3]
[6, 2, 3, 3, 3]
--------------- Iteration 5 ---------------
==========TRACK 0 ==========
Evaluating Design: [6, 1, 2, 4, 3]
Simulation error: 0.054976	Circuit area: 71.550000	Circuit delay: 336.840000
Evaluating Design: [6, 1, 3, 3, 3]
Simulation error: 0.032223	Circuit area: 74.210000	Circuit delay: 342.440000
Evaluating Design: [5, 1, 3, 4, 3]
Simulation error: 0.028538	Circuit area: 87.510000	Circuit delay: 365.690000
Evaluating Design: [6, 1, 3, 4, 2]
Simulation error: 0.136170	Circuit area: 76.080000	Circuit delay: 327.840000
==========TRACK 1 ==========
Evaluating Design: [6, 3, 3, 2, 2]
Simulation error: 0.148189	Circuit area: 75.280000	Circuit delay: 373.570000
Evaluating Design: [6, 2, 3, 2, 3]
Simulation error: 0.040882	Circuit area: 62.240000	Circuit delay: 351.660000
Evaluating Design: [6, 3, 3, 1, 3]
Simulation error: 0.065885	Circuit area: 62.510000	Circuit delay: 207.590000
Evaluating Design: [6, 3, 2, 2, 3]
Simulation error: 0.041432	Circuit area: 75.280000	Circuit delay: 313.810000
Evaluating Design: [5, 3, 3, 2, 3]
Simulation error: 0.038080	Circuit area: 107.460000	Circuit delay: 422.170000
==========TRACK 2 ==========
Evaluating Design: [6, 2, 2, 3, 3]
Simulation error: 0.049207	Circuit area: 77.670000	Circuit delay: 380.370000
Evaluating Design: [5, 2, 3, 3, 3]
Simulation error: 0.032636	Circuit area: 123.420000	Circuit delay: 538.240000
Evaluating Design: [6, 2, 3, 3, 2]
Simulation error: 0.129564	Circuit area: 90.170000	Circuit delay: 459.130000
--------------- Finishing Iteration5---------------
Partition [array([1, 2, 3])] being approximated
Approximated error: 0.040882	Area : 62.240000	Delay : 351.660000	Time used: 7.637973 sec

Current stream of factorization degree:
 [6, 2, 3, 2, 3]
[6, 1, 3, 3, 3]
[6, 3, 2, 2, 3]
--------------- Iteration 6 ---------------
==========TRACK 0 ==========
Evaluating Design: [6, 1, 3, 2, 3]
Simulation error: 0.039437	Circuit area: 57.720000	Circuit delay: 303.420000
Evaluating Design: [6, 2, 2, 2, 3]
Simulation error: 0.041432	Circuit area: 75.280000	Circuit delay: 313.810000
Evaluating Design: [6, 2, 3, 1, 3]
Simulation error: 0.061306	Circuit area: 64.110000	Circuit delay: 186.320000
Evaluating Design: [5, 2, 3, 2, 3]
Simulation error: 0.040710	Circuit area: 93.370000	Circuit delay: 362.090000
Evaluating Design: [6, 2, 3, 2, 2]
Simulation error: 0.142582	Circuit area: 69.430000	Circuit delay: 342.660000
==========TRACK 1 ==========
Evaluating Design: [6, 1, 2, 3, 3]
Simulation error: 0.066404	Circuit area: 70.220000	Circuit delay: 339.620000
Evaluating Design: [6, 1, 3, 3, 2]
Simulation error: 0.132363	Circuit area: 77.410000	Circuit delay: 376.920000
Evaluating Design: [5, 1, 3, 3, 3]
Simulation error: 0.034458	Circuit area: 92.040000	Circuit delay: 357.000000
==========TRACK 2 ==========
Evaluating Design: [6, 3, 2, 2, 2]
Simulation error: 0.144952	Circuit area: 62.780000	Circuit delay: 346.570000
Evaluating Design: [6, 3, 2, 1, 3]
Simulation error: 0.062016	Circuit area: 60.380000	Circuit delay: 172.560000
Evaluating Design: [6, 3, 1, 2, 3]
----- Approximating part 2 to degree 1
Simulation error: 0.041432	Circuit area: 75.280000	Circuit delay: 313.810000
Evaluating Design: [5, 3, 2, 2, 3]
Simulation error: 0.042709	Circuit area: 86.450000	Circuit delay: 378.630000
--------------- Finishing Iteration6---------------
Partition [array([1, 2, 3])] being approximated
Approximated error: 0.039437	Area : 57.720000	Delay : 303.420000	Time used: 7.674232 sec

Current stream of factorization degree:
 [6, 1, 3, 2, 3]
[6, 2, 2, 2, 3]
[6, 3, 1, 2, 3]
--------------- Iteration 7 ---------------
==========TRACK 0 ==========
Evaluating Design: [6, 1, 2, 2, 3]
Simulation error: 0.042495	Circuit area: 54.260000	Circuit delay: 342.110000
Evaluating Design: [6, 1, 3, 2, 2]
Simulation error: 0.141363	Circuit area: 65.700000	Circuit delay: 317.400000
Evaluating Design: [6, 1, 3, 1, 3]
Simulation error: 0.062678	Circuit area: 48.680000	Circuit delay: 153.080000
Evaluating Design: [5, 1, 3, 2, 3]
Simulation error: 0.039427	Circuit area: 75.280000	Circuit delay: 296.870000
==========TRACK 1 ==========
Evaluating Design: [6, 2, 1, 2, 3]
Simulation error: 0.041432	Circuit area: 75.280000	Circuit delay: 313.810000
Evaluating Design: [6, 2, 2, 2, 2]
Simulation error: 0.144952	Circuit area: 62.780000	Circuit delay: 346.570000
Evaluating Design: [6, 2, 2, 1, 3]
Simulation error: 0.062016	Circuit area: 60.380000	Circuit delay: 172.560000
Evaluating Design: [5, 2, 2, 2, 3]
Simulation error: 0.042709	Circuit area: 86.450000	Circuit delay: 378.630000
==========TRACK 2 ==========
Evaluating Design: [6, 3, 1, 2, 2]
Simulation error: 0.144952	Circuit area: 62.780000	Circuit delay: 346.570000
Evaluating Design: [6, 3, 1, 1, 3]
Simulation error: 0.062016	Circuit area: 60.380000	Circuit delay: 172.560000
Evaluating Design: [5, 3, 1, 2, 3]
Simulation error: 0.042709	Circuit area: 86.450000	Circuit delay: 378.630000
--------------- Finishing Iteration7---------------
Partition [array([1, 2, 3])] being approximated
Approximated error: 0.042495	Area : 54.260000	Delay : 342.110000	Time used: 7.715933 sec

Current stream of factorization degree:
 [6, 1, 2, 2, 3]
[6, 1, 3, 1, 3]
[5, 1, 3, 2, 3]
--------------- Iteration 8 ---------------
==========TRACK 0 ==========
Evaluating Design: [6, 1, 2, 2, 2]
Simulation error: 0.145192	Circuit area: 61.180000	Circuit delay: 320.350000
Evaluating Design: [6, 1, 2, 1, 3]
Simulation error: 0.062340	Circuit area: 46.020000	Circuit delay: 158.600000
Evaluating Design: [6, 1, 1, 2, 3]
Simulation error: 0.042495	Circuit area: 54.260000	Circuit delay: 342.110000
Evaluating Design: [5, 1, 2, 2, 3]
Simulation error: 0.042806	Circuit area: 70.490000	Circuit delay: 336.070000
==========TRACK 1 ==========
Evaluating Design: [5, 1, 3, 1, 3]
Simulation error: 0.062434	Circuit area: 53.470000	Circuit delay: 162.230000
Evaluating Design: [6, 1, 3, 1, 2]
Simulation error: 0.171890	Circuit area: 47.880000	Circuit delay: 153.080000
==========TRACK 2 ==========
Evaluating Design: [5, 1, 3, 2, 2]
Simulation error: 0.142358	Circuit area: 76.870000	Circuit delay: 312.430000
Evaluating Design: [4, 1, 3, 2, 3]
----- Approximating part 0 to degree 4
Simulation error: 0.039427	Circuit area: 76.080000	Circuit delay: 298.750000
--------------- Finishing Iteration8---------------
Partition [array([1, 2, 3])] being approximated
Approximated error: 0.042495	Area : 54.260000	Delay : 342.110000	Time used: 7.761986 sec

Current stream of factorization degree:
 [6, 1, 1, 2, 3]
[6, 1, 2, 1, 3]
[5, 1, 2, 2, 3]
--------------- Iteration 9 ---------------
==========TRACK 0 ==========
Evaluating Design: [6, 1, 1, 2, 2]
Simulation error: 0.145192	Circuit area: 61.180000	Circuit delay: 320.350000
Evaluating Design: [6, 1, 1, 1, 3]
Simulation error: 0.062340	Circuit area: 46.020000	Circuit delay: 158.600000
Evaluating Design: [5, 1, 1, 2, 3]
Simulation error: 0.042806	Circuit area: 70.490000	Circuit delay: 336.070000
==========TRACK 1 ==========
Evaluating Design: [6, 1, 2, 1, 2]
Simulation error: 0.173589	Circuit area: 45.750000	Circuit delay: 161.260000
Evaluating Design: [5, 1, 2, 1, 3]
Simulation error: 0.062313	Circuit area: 51.340000	Circuit delay: 195.260000
==========TRACK 2 ==========
Evaluating Design: [5, 1, 2, 2, 2]
Simulation error: 0.146150	Circuit area: 74.210000	Circuit delay: 326.890000
Evaluating Design: [4, 1, 2, 2, 3]
Simulation error: 0.042806	Circuit area: 72.090000	Circuit delay: 335.930000
--------------- Finishing Iteration9---------------
Partition [array([1, 2, 3])] being approximated
Approximated error: 0.062340	Area : 46.020000	Delay : 158.600000	Time used: 7.312806 sec

Current stream of factorization degree:
 [6, 1, 1, 1, 3]
[5, 1, 1, 2, 3]
[5, 1, 2, 1, 3]
--------------- Iteration 10 ---------------
==========TRACK 0 ==========
Evaluating Design: [5, 1, 1, 1, 3]
Simulation error: 0.062313	Circuit area: 51.340000	Circuit delay: 195.260000
Evaluating Design: [6, 1, 1, 1, 2]
Simulation error: 0.173589	Circuit area: 45.750000	Circuit delay: 161.260000
==========TRACK 1 ==========
Evaluating Design: [4, 1, 1, 2, 3]
Simulation error: 0.042806	Circuit area: 72.090000	Circuit delay: 335.930000
Evaluating Design: [5, 1, 1, 2, 2]
Simulation error: 0.146150	Circuit area: 74.210000	Circuit delay: 326.890000
==========TRACK 2 ==========
Evaluating Design: [4, 1, 2, 1, 3]
Simulation error: 0.062313	Circuit area: 51.070000	Circuit delay: 184.630000
Evaluating Design: [5, 1, 2, 1, 2]
Simulation error: 0.174165	Circuit area: 51.340000	Circuit delay: 195.260000
--------------- Finishing Iteration10---------------
Partition [array([0, 1, 2, 3])] being approximated
Approximated error: 0.062313	Area : 51.070000	Delay : 184.630000	Time used: 7.112346 sec

Current stream of factorization degree:
 [4, 1, 2, 1, 3]
[5, 1, 1, 1, 3]
[4, 1, 1, 2, 3]
--------------- Iteration 11 ---------------
==========TRACK 0 ==========
Evaluating Design: [4, 1, 2, 1, 2]
Simulation error: 0.174165	Circuit area: 51.070000	Circuit delay: 184.630000
Evaluating Design: [4, 1, 1, 1, 3]
Simulation error: 0.062313	Circuit area: 51.070000	Circuit delay: 184.630000
Evaluating Design: [3, 1, 2, 1, 3]
----- Approximating part 0 to degree 3
Simulation error: 0.062313	Circuit area: 51.070000	Circuit delay: 184.680000
==========TRACK 1 ==========
Evaluating Design: [5, 1, 1, 1, 2]
Simulation error: 0.174165	Circuit area: 51.340000	Circuit delay: 195.260000
==========TRACK 2 ==========
Evaluating Design: [4, 1, 1, 2, 2]
Simulation error: 0.146150	Circuit area: 75.010000	Circuit delay: 328.770000
Evaluating Design: [3, 1, 1, 2, 3]
Simulation error: 0.042806	Circuit area: 72.090000	Circuit delay: 335.930000
--------------- Finishing Iteration11---------------
Partition [array([0, 1, 2, 3])] being approximated
Approximated error: 0.062313	Area : 51.070000	Delay : 184.680000	Time used: 7.725394 sec

Current stream of factorization degree:
 [3, 1, 2, 1, 3]
[4, 1, 1, 1, 3]
[3, 1, 1, 2, 3]
--------------- Iteration 12 ---------------
==========TRACK 0 ==========
Evaluating Design: [3, 1, 2, 1, 2]
Simulation error: 0.174165	Circuit area: 51.070000	Circuit delay: 184.680000
Evaluating Design: [3, 1, 1, 1, 3]
Simulation error: 0.062313	Circuit area: 51.070000	Circuit delay: 184.680000
Evaluating Design: [2, 1, 2, 1, 3]
----- Approximating part 0 to degree 2
Simulation error: 0.061360	Circuit area: 37.770000	Circuit delay: 187.080000
==========TRACK 1 ==========
Evaluating Design: [4, 1, 1, 1, 2]
Simulation error: 0.174165	Circuit area: 51.070000	Circuit delay: 184.630000
==========TRACK 2 ==========
Evaluating Design: [2, 1, 1, 2, 3]
Simulation error: 0.043287	Circuit area: 52.140000	Circuit delay: 344.780000
Evaluating Design: [3, 1, 1, 2, 2]
Simulation error: 0.146150	Circuit area: 75.010000	Circuit delay: 328.770000
--------------- Finishing Iteration12---------------
Partition [array([0, 1, 2, 3])] being approximated
Approximated error: 0.043287	Area : 52.140000	Delay : 344.780000	Time used: 8.662293 sec

Current stream of factorization degree:
 [2, 1, 1, 2, 3]
[2, 1, 2, 1, 3]
[3, 1, 1, 1, 3]
--------------- Iteration 13 ---------------
==========TRACK 0 ==========
Evaluating Design: [2, 1, 1, 2, 2]
Simulation error: 0.146869	Circuit area: 54.260000	Circuit delay: 330.070000
Evaluating Design: [2, 1, 1, 1, 3]
Simulation error: 0.061360	Circuit area: 37.770000	Circuit delay: 187.080000
Evaluating Design: [1, 1, 1, 2, 3]
----- Approximating part 0 to degree 1
Simulation error: 0.043875	Circuit area: 35.910000	Circuit delay: 258.980000
==========TRACK 1 ==========
Evaluating Design: [1, 1, 2, 1, 3]
Simulation error: 0.060949	Circuit area: 25.800000	Circuit delay: 130.470000
Evaluating Design: [2, 1, 2, 1, 2]
Simulation error: 0.174177	Circuit area: 37.240000	Circuit delay: 186.150000
==========TRACK 2 ==========
Evaluating Design: [3, 1, 1, 1, 2]
Simulation error: 0.174165	Circuit area: 51.070000	Circuit delay: 184.680000
--------------- Finishing Iteration13---------------
Partition [array([0, 1, 2, 3])] being approximated
Approximated error: 0.043875	Area : 35.910000	Delay : 258.980000	Time used: 6.736495 sec

Current stream of factorization degree:
 [1, 1, 1, 2, 3]
[1, 1, 2, 1, 3]
[2, 1, 1, 1, 3]
--------------- Iteration 14 ---------------
==========TRACK 0 ==========
Evaluating Design: [1, 1, 1, 2, 2]
Simulation error: 0.147581	Circuit area: 36.970000	Circuit delay: 276.360000
Evaluating Design: [1, 1, 1, 1, 3]
Simulation error: 0.060949	Circuit area: 25.800000	Circuit delay: 130.470000
==========TRACK 1 ==========
Evaluating Design: [1, 1, 2, 1, 2]
Simulation error: 0.174483	Circuit area: 23.670000	Circuit delay: 130.470000
==========TRACK 2 ==========
Evaluating Design: [2, 1, 1, 1, 2]
Simulation error: 0.174177	Circuit area: 37.240000	Circuit delay: 186.150000
--------------- Finishing Iteration14---------------
Partition [array([0, 1, 2, 3])] being approximated
Approximated error: 0.060949	Area : 25.800000	Delay : 130.470000	Time used: 6.481901 sec

Current stream of factorization degree:
 [1, 1, 1, 1, 3]
[1, 1, 2, 1, 2]
[1, 1, 1, 2, 2]
--------------- Iteration 15 ---------------
==========TRACK 0 ==========
Evaluating Design: [1, 1, 1, 1, 2]
Simulation error: 0.174483	Circuit area: 23.670000	Circuit delay: 130.470000
==========TRACK 1 ==========
Evaluating Design: [1, 1, 2, 1, 1]
----- Approximating part 4 to degree 1
Simulation error: 0.234706	Circuit area: 19.420000	Circuit delay: 130.470000
==========TRACK 2 ==========
Evaluating Design: [1, 1, 1, 2, 1]
Simulation error: 0.195601	Circuit area: 23.670000	Circuit delay: 196.830000
--------------- Finishing Iteration15---------------
Partition [array([0, 1, 2, 3, 4])] being approximated
Approximated error: 0.234706	Area : 19.420000	Delay : 130.470000	Time used: 6.370459 sec

Reach threshold on 0.06066536
Reach error threshold. Exit approximation.

\time python blasys.py -i bacs/abs_diff.v -tb bacs/abs_diff_tb.v -lib nangate_45nm_typ.lib -m MAE -ts 0.06066536 -cpu 8 --parallel > abs_diff.log
338.80user 23.82system 2:04.29elapsed 291%CPU (0avgtext+0avgdata 203860maxresident)k
246064inputs+3293048outputs (1361major+13105994minor)pagefaults 0swaps
