/----------------------------------------------------------------------------\
|                                                                            |
|  BLASYS -- Approximate Logic Synthesis Using Boolean Matrix Factorization  |
|  Version: 0.5-beta                                                       |
|                                                                            |
|  Copyright (C) 2019  SCALE Lab, Brown University                           |
|                                                                            |
|  Permission to use, copy, modify, and/or distribute this software for any  |
|  purpose with or without fee is hereby granted, provided that the above    |
|  copyright notice and this permission notice appear in all copies.         |
|                                                                            |
|  THE SOFTWARE IS PROVIDED "AS IS" AND THE AUTHOR DISCLAIMS ALL WARRANTIES  |
|  WITH REGARD TO THIS SOFTWARE INCLUDING ALL IMPLIED WARRANTIES OF          |
|  MERCHANTABILITY AND FITNESS. IN NO EVENT SHALL THE AUTHOR BE LIABLE FOR   |
|  ANY SPECIAL, DIRECT, INDIRECT, OR CONSEQUENTIAL DAMAGES OR ANY DAMAGES    |
|  WHATSOEVER RESULTING FROM LOSS OF USE, DATA OR PROFITS, WHETHER IN AN     |
|  ACTION OF CONTRACT, NEGLIGENCE OR OTHER TORTIOUS ACTION, ARISING OUT OF   |
|  OR IN CONNECTION WITH THE USE OR PERFORMANCE OF THIS SOFTWARE.            |
|                                                                            |
\----------------------------------------------------------------------------/
Checking software dependency ...
Create output directory...
Simulating truth table on input design...
Synthesizing input design with original partitions...
Original design area  1050.7
Original design delay 4855.06
Parsing input verilog into aig format ...
Partitioning input circuit...
Number of partitions 28
Create testbench for partition 0
Generate truth table for partition 0
Create testbench for partition 1
Generate truth table for partition 1
Create testbench for partition 2
Generate truth table for partition 2
Create testbench for partition 3
Generate truth table for partition 3
Create testbench for partition 4
Generate truth table for partition 4
Create testbench for partition 5
Generate truth table for partition 5
Create testbench for partition 6
Generate truth table for partition 6
Create testbench for partition 7
Generate truth table for partition 7
Create testbench for partition 8
Generate truth table for partition 8
Create testbench for partition 9
Generate truth table for partition 9
Create testbench for partition 10
Generate truth table for partition 10
Create testbench for partition 11
Generate truth table for partition 11
Create testbench for partition 12
Generate truth table for partition 12
Create testbench for partition 13
Generate truth table for partition 13
Create testbench for partition 14
Generate truth table for partition 14
Create testbench for partition 15
Generate truth table for partition 15
Create testbench for partition 16
Generate truth table for partition 16
Create testbench for partition 17
Generate truth table for partition 17
Create testbench for partition 18
Generate truth table for partition 18
Create testbench for partition 19
Generate truth table for partition 19
Create testbench for partition 20
Generate truth table for partition 20
Create testbench for partition 21
Generate truth table for partition 21
Create testbench for partition 22
Generate truth table for partition 22
Create testbench for partition 23
Generate truth table for partition 23
Create testbench for partition 24
Generate truth table for partition 24
Create testbench for partition 25
Generate truth table for partition 25
Create testbench for partition 26
Generate truth table for partition 26
Create testbench for partition 27
Generate truth table for partition 27
==================== Starting Approximation by Greedy Search  ====================
Current stream of factorization degree:
 [6, 6, 7, 6, 6, 6, 6, 8, 4, 6, 7, 7, 6, 6, 6, 7, 8, 3, 8, 6, 7, 6, 7, 7, 7, 6, 7, 7]
--------------- Iteration 0 ---------------
==========TRACK 0 ==========
----- Approximating part 21 to degree 5
Simulation error: 0.003717	Circuit area: 854.390000	Circuit delay: 4854.440000
----- Approximating part 9 to degree 5
Simulation error: 0.003750	Circuit area: 961.320000	Circuit delay: 4586.120000
----- Approximating part 25 to degree 5
Simulation error: 0.004000	Circuit area: 892.700000	Circuit delay: 4866.250000
----- Approximating part 19 to degree 5
Simulation error: 0.007838	Circuit area: 870.620000	Circuit delay: 4283.540000
----- Approximating part 27 to degree 6
Simulation error: 0.001842	Circuit area: 903.070000	Circuit delay: 4988.470000
----- Approximating part 22 to degree 6
Simulation error: 0.001961	Circuit area: 904.400000	Circuit delay: 5008.470000
----- Approximating part 26 to degree 6
Simulation error: 0.001885	Circuit area: 858.120000	Circuit delay: 5138.540000
----- Approximating part 20 to degree 6
Simulation error: 0.003740	Circuit area: 833.640000	Circuit delay: 5035.520000
----- Approximating part 13 to degree 5
Simulation error: 0.001838	Circuit area: 979.150000	Circuit delay: 4574.160000
----- Approximating part 8 to degree 3
Simulation error: 0.003812	Circuit area: 836.040000	Circuit delay: 5191.530000
----- Approximating part 11 to degree 6
Simulation error: 0.002005	Circuit area: 981.540000	Circuit delay: 4618.050000
----- Approximating part 17 to degree 2
Simulation error: 0.003812	Circuit area: 813.160000	Circuit delay: 5259.230000
----- Approximating part 4 to degree 5
Simulation error: 0.001992	Circuit area: 975.420000	Circuit delay: 4736.190000
----- Approximating part 0 to degree 5
Simulation error: 0.001859	Circuit area: 970.370000	Circuit delay: 4720.780000
----- Approximating part 10 to degree 6
Simulation error: 0.001898	Circuit area: 983.930000	Circuit delay: 4606.640000
----- Approximating part 6 to degree 5
Simulation error: 0.001942	Circuit area: 972.500000	Circuit delay: 4732.380000
----- Approximating part 24 to degree 6
Simulation error: 0.001974	Circuit area: 843.490000	Circuit delay: 5170.200000
----- Approximating part 18 to degree 7
Simulation error: 0.002029	Circuit area: 873.540000	Circuit delay: 5062.050000
----- Approximating part 16 to degree 7
Simulation error: 0.006587	Circuit area: 820.610000	Circuit delay: 5082.330000
----- Approximating part 7 to degree 7
Simulation error: 0.002011	Circuit area: 1002.020000	Circuit delay: 4533.190000
--------------- Finishing Iteration0---------------
Partition [array([24])] being approximated
Approximated error: 0.001974	Area : 843.490000	Delay : 5170.200000	Time used: 108.725616 sec

Current stream of factorization degree:
 [6, 6, 7, 6, 6, 6, 6, 8, 4, 6, 7, 7, 6, 6, 6, 7, 8, 3, 8, 6, 7, 6, 7, 7, 6, 6, 7, 7]
[6, 6, 7, 6, 6, 6, 6, 8, 4, 6, 7, 7, 6, 6, 6, 7, 8, 3, 8, 6, 7, 6, 7, 7, 7, 6, 6, 7]
[6, 6, 7, 6, 6, 6, 6, 8, 4, 6, 7, 7, 6, 6, 6, 7, 8, 3, 7, 6, 7, 6, 7, 7, 7, 6, 7, 7]
--------------- Iteration 1 ---------------
==========TRACK 0 ==========
Simulation error: 0.003850	Circuit area: 931.800000	Circuit delay: 4958.010000
Simulation error: 0.004003	Circuit area: 869.020000	Circuit delay: 5043.710000
Simulation error: 0.003916	Circuit area: 883.920000	Circuit delay: 4986.570000
Simulation error: 0.003816	Circuit area: 914.240000	Circuit delay: 4973.700000
Simulation error: 0.005725	Circuit area: 878.070000	Circuit delay: 5028.240000
Simulation error: 0.003979	Circuit area: 920.360000	Circuit delay: 4904.560000
Simulation error: 0.005714	Circuit area: 835.770000	Circuit delay: 5092.330000
Simulation error: 0.005786	Circuit area: 814.230000	Circuit delay: 5201.710000
Simulation error: 0.003985	Circuit area: 925.950000	Circuit delay: 4895.100000
----- Approximating part 12 to degree 5
Simulation error: 0.003877	Circuit area: 883.650000	Circuit delay: 5035.600000
----- Approximating part 24 to degree 5
Simulation error: 0.005856	Circuit area: 836.300000	Circuit delay: 5175.780000
Simulation error: 0.003833	Circuit area: 932.060000	Circuit delay: 4925.610000
Simulation error: 0.008561	Circuit area: 872.210000	Circuit delay: 4909.000000
----- Approximating part 23 to degree 6
Simulation error: 0.003924	Circuit area: 891.900000	Circuit delay: 5087.900000
Simulation error: 0.009812	Circuit area: 857.850000	Circuit delay: 4280.470000
Simulation error: 0.003967	Circuit area: 896.420000	Circuit delay: 4971.070000
Simulation error: 0.003812	Circuit area: 916.370000	Circuit delay: 4951.880000
Simulation error: 0.003940	Circuit area: 988.720000	Circuit delay: 4825.800000
Simulation error: 0.005972	Circuit area: 863.440000	Circuit delay: 5019.790000
----- Approximating part 3 to degree 5
Simulation error: 0.005793	Circuit area: 864.770000	Circuit delay: 4948.400000
Simulation error: 0.003872	Circuit area: 920.630000	Circuit delay: 4990.360000
Simulation error: 0.005786	Circuit area: 929.400000	Circuit delay: 4943.960000
Simulation error: 0.005691	Circuit area: 938.710000	Circuit delay: 4801.980000
----- Approximating part 1 to degree 5
Simulation error: 0.005788	Circuit area: 871.150000	Circuit delay: 4955.190000
----- Approximating part 5 to degree 5
Simulation error: 0.003965	Circuit area: 952.550000	Circuit delay: 4848.860000
----- Approximating part 2 to degree 6
Simulation error: 0.003970	Circuit area: 902.010000	Circuit delay: 4947.480000
----- Approximating part 15 to degree 6
Simulation error: 0.003994	Circuit area: 869.550000	Circuit delay: 5040.400000
----- Approximating part 14 to degree 5
Simulation error: 0.003898	Circuit area: 873.280000	Circuit delay: 5069.160000
==========TRACK 1 ==========
Simulation error: 0.005840	Circuit area: 863.440000	Circuit delay: 5050.430000
Simulation error: 0.003878	Circuit area: 924.620000	Circuit delay: 4888.190000
Simulation error: 0.003783	Circuit area: 933.130000	Circuit delay: 4869.280000
Simulation error: 0.008472	Circuit area: 940.840000	Circuit delay: 4775.250000
Simulation error: 0.003914	Circuit area: 867.430000	Circuit delay: 5075.280000
Simulation error: 0.005602	Circuit area: 911.050000	Circuit delay: 4838.280000
Simulation error: 0.003744	Circuit area: 903.870000	Circuit delay: 4968.450000
Simulation error: 0.005699	Circuit area: 899.080000	Circuit delay: 4867.190000
Simulation error: 0.003890	Circuit area: 930.730000	Circuit delay: 4880.220000
Simulation error: 0.003831	Circuit area: 865.830000	Circuit delay: 5106.910000
Simulation error: 0.003881	Circuit area: 929.400000	Circuit delay: 4875.340000
----- Approximating part 26 to degree 5
Simulation error: 0.005686	Circuit area: 857.850000	Circuit delay: 5124.710000
Simulation error: 0.005704	Circuit area: 892.960000	Circuit delay: 4872.670000
Simulation error: 0.005697	Circuit area: 892.430000	Circuit delay: 5016.430000
Simulation error: 0.003728	Circuit area: 913.980000	Circuit delay: 4990.800000
Simulation error: 0.009723	Circuit area: 852.000000	Circuit delay: 4361.110000
Simulation error: 0.005697	Circuit area: 817.950000	Circuit delay: 5225.690000
Simulation error: 0.003809	Circuit area: 875.940000	Circuit delay: 5021.780000
Simulation error: 0.003905	Circuit area: 938.710000	Circuit delay: 4845.840000
Simulation error: 0.003847	Circuit area: 947.760000	Circuit delay: 4903.750000
Simulation error: 0.003827	Circuit area: 921.690000	Circuit delay: 4886.960000
Simulation error: 0.003788	Circuit area: 913.180000	Circuit delay: 4932.500000
Simulation error: 0.003876	Circuit area: 912.380000	Circuit delay: 4887.160000
Simulation error: 0.005636	Circuit area: 910.520000	Circuit delay: 4848.760000
Simulation error: 0.003723	Circuit area: 928.340000	Circuit delay: 4836.800000
Simulation error: 0.003896	Circuit area: 943.500000	Circuit delay: 4875.830000
Simulation error: 0.005625	Circuit area: 837.630000	Circuit delay: 5130.450000
==========TRACK 2 ==========
Simulation error: 0.005760	Circuit area: 849.870000	Circuit delay: 5004.220000
Simulation error: 0.003952	Circuit area: 870.090000	Circuit delay: 5033.590000
Simulation error: 0.003990	Circuit area: 900.940000	Circuit delay: 4987.210000
Simulation error: 0.004033	Circuit area: 936.320000	Circuit delay: 4779.660000
Simulation error: 0.005840	Circuit area: 878.330000	Circuit delay: 5047.160000
Simulation error: 0.009790	Circuit area: 808.370000	Circuit delay: 4405.630000
Simulation error: 0.004024	Circuit area: 934.990000	Circuit delay: 4808.760000
Simulation error: 0.005779	Circuit area: 903.870000	Circuit delay: 4779.380000
Simulation error: 0.004048	Circuit area: 867.430000	Circuit delay: 5037.600000
Simulation error: 0.005843	Circuit area: 904.670000	Circuit delay: 4800.610000
Simulation error: 0.005840	Circuit area: 835.770000	Circuit delay: 5144.720000
Simulation error: 0.004021	Circuit area: 930.200000	Circuit delay: 4821.600000
Simulation error: 0.004040	Circuit area: 966.640000	Circuit delay: 4780.700000
Simulation error: 0.005847	Circuit area: 898.550000	Circuit delay: 4806.090000
Simulation error: 0.003931	Circuit area: 934.460000	Circuit delay: 4791.070000
Simulation error: 0.004019	Circuit area: 911.050000	Circuit delay: 4772.450000
Simulation error: 0.003888	Circuit area: 925.150000	Circuit delay: 4826.880000
Simulation error: 0.003867	Circuit area: 933.930000	Circuit delay: 4736.380000
Simulation error: 0.006029	Circuit area: 861.570000	Circuit delay: 4971.290000
Simulation error: 0.003871	Circuit area: 913.180000	Circuit delay: 4984.640000
Simulation error: 0.003926	Circuit area: 938.710000	Circuit delay: 4768.860000
Simulation error: 0.003971	Circuit area: 927.280000	Circuit delay: 4817.260000
Simulation error: 0.008616	Circuit area: 851.470000	Circuit delay: 4965.210000
Simulation error: 0.003973	Circuit area: 947.230000	Circuit delay: 4948.780000
Simulation error: 0.005746	Circuit area: 908.390000	Circuit delay: 4813.860000
----- Approximating part 18 to degree 6
Simulation error: 0.005919	Circuit area: 829.920000	Circuit delay: 5152.280000
--------------- Finishing Iteration1---------------
Partition [array([23, 26])] being approximated
Approximated error: 0.003831	Area : 865.830000	Delay : 5106.910000	Time used: 86.155457 sec

Current stream of factorization degree:
 [6, 6, 7, 6, 6, 6, 6, 8, 4, 6, 7, 7, 6, 6, 6, 7, 8, 3, 8, 6, 7, 6, 7, 6, 7, 6, 6, 7]
[6, 6, 7, 6, 6, 6, 6, 8, 4, 6, 7, 7, 6, 6, 6, 7, 8, 3, 7, 6, 7, 6, 7, 7, 7, 6, 6, 7]
[6, 6, 7, 6, 6, 6, 6, 8, 4, 6, 7, 7, 6, 6, 5, 7, 8, 3, 8, 6, 7, 6, 7, 7, 7, 6, 6, 7]
--------------- Iteration 2 ---------------
==========TRACK 0 ==========
Simulation error: 0.005669	Circuit area: 959.200000	Circuit delay: 4763.370000
Simulation error: 0.007786	Circuit area: 870.090000	Circuit delay: 5002.640000
Simulation error: 0.007650	Circuit area: 888.710000	Circuit delay: 4821.230000
Simulation error: 0.005836	Circuit area: 961.590000	Circuit delay: 4807.260000
Simulation error: 0.005801	Circuit area: 933.130000	Circuit delay: 4979.830000
Simulation error: 0.005729	Circuit area: 963.980000	Circuit delay: 4795.840000
Simulation error: 0.011669	Circuit area: 828.590000	Circuit delay: 4359.440000
Simulation error: 0.007643	Circuit area: 919.030000	Circuit delay: 5010.870000
Simulation error: 0.007581	Circuit area: 941.370000	Circuit delay: 4775.330000
Simulation error: 0.007571	Circuit area: 853.860000	Circuit delay: 5079.910000
Simulation error: 0.005690	Circuit area: 950.420000	Circuit delay: 4854.480000
Simulation error: 0.007548	Circuit area: 917.430000	Circuit delay: 4819.920000
Simulation error: 0.007631	Circuit area: 852.000000	Circuit delay: 5085.470000
Simulation error: 0.005788	Circuit area: 958.130000	Circuit delay: 4872.890000
Simulation error: 0.005733	Circuit area: 959.730000	Circuit delay: 4818.060000
Simulation error: 0.005754	Circuit area: 852.530000	Circuit delay: 5075.160000
Simulation error: 0.007645	Circuit area: 929.940000	Circuit delay: 4740.890000
Simulation error: 0.005674	Circuit area: 916.640000	Circuit delay: 4950.840000
Simulation error: 0.005823	Circuit area: 955.470000	Circuit delay: 4761.890000
----- Approximating part 23 to degree 5
Simulation error: 0.007726	Circuit area: 866.360000	Circuit delay: 5080.900000
Simulation error: 0.005822	Circuit area: 923.020000	Circuit delay: 4856.070000
Simulation error: 0.010418	Circuit area: 855.460000	Circuit delay: 5029.470000
Simulation error: 0.005826	Circuit area: 960.260000	Circuit delay: 4749.040000
Simulation error: 0.005860	Circuit area: 902.010000	Circuit delay: 4976.780000
Simulation error: 0.005773	Circuit area: 952.550000	Circuit delay: 4814.000000
Simulation error: 0.005842	Circuit area: 990.050000	Circuit delay: 4761.860000
Simulation error: 0.005850	Circuit area: 861.040000	Circuit delay: 5041.360000
Simulation error: 0.007643	Circuit area: 836.040000	Circuit delay: 5124.130000
==========TRACK 1 ==========
Simulation error: 0.005752	Circuit area: 926.210000	Circuit delay: 4820.820000
Simulation error: 0.007805	Circuit area: 856.250000	Circuit delay: 5048.290000
Simulation error: 0.005757	Circuit area: 932.860000	Circuit delay: 4869.270000
Simulation error: 0.007726	Circuit area: 870.350000	Circuit delay: 5035.190000
Simulation error: 0.007869	Circuit area: 862.110000	Circuit delay: 5031.350000
Simulation error: 0.005878	Circuit area: 909.720000	Circuit delay: 4976.770000
Simulation error: 0.007733	Circuit area: 890.830000	Circuit delay: 4856.690000
Simulation error: 0.007631	Circuit area: 912.650000	Circuit delay: 4808.610000
Simulation error: 0.010501	Circuit area: 851.470000	Circuit delay: 4964.750000
Simulation error: 0.007726	Circuit area: 834.710000	Circuit delay: 5143.760000
Simulation error: 0.007645	Circuit area: 904.400000	Circuit delay: 4909.290000
Simulation error: 0.007728	Circuit area: 896.950000	Circuit delay: 4851.200000
Simulation error: 0.005906	Circuit area: 922.490000	Circuit delay: 4872.200000
Simulation error: 0.005812	Circuit area: 931.000000	Circuit delay: 4853.290000
Simulation error: 0.005837	Circuit area: 865.560000	Circuit delay: 5049.550000
Simulation error: 0.005933	Circuit area: 866.630000	Circuit delay: 5024.310000
Simulation error: 0.005905	Circuit area: 913.440000	Circuit delay: 4831.880000
Simulation error: 0.005816	Circuit area: 922.490000	Circuit delay: 4869.240000
Simulation error: 0.005773	Circuit area: 913.180000	Circuit delay: 4905.190000
Simulation error: 0.007664	Circuit area: 904.130000	Circuit delay: 4826.510000
Simulation error: 0.005909	Circuit area: 927.280000	Circuit delay: 4859.360000
Simulation error: 0.011675	Circuit area: 902.270000	Circuit delay: 4193.730000
Simulation error: 0.007715	Circuit area: 867.160000	Circuit delay: 5061.450000
Simulation error: 0.005856	Circuit area: 919.560000	Circuit delay: 4870.980000
Simulation error: 0.005919	Circuit area: 924.350000	Circuit delay: 4857.970000
Simulation error: 0.005875	Circuit area: 949.350000	Circuit delay: 4874.080000
Simulation error: 0.005925	Circuit area: 949.090000	Circuit delay: 4779.850000
==========TRACK 2 ==========
Simulation error: 0.005647	Circuit area: 900.940000	Circuit delay: 4814.820000
Simulation error: 0.005813	Circuit area: 903.340000	Circuit delay: 4858.240000
Simulation error: 0.007764	Circuit area: 861.310000	Circuit delay: 5031.710000
Simulation error: 0.005706	Circuit area: 905.730000	Circuit delay: 4847.290000
Simulation error: 0.007620	Circuit area: 943.500000	Circuit delay: 4827.640000
Simulation error: 0.005801	Circuit area: 897.220000	Circuit delay: 4867.800000
Simulation error: 0.007526	Circuit area: 862.900000	Circuit delay: 4878.630000
Simulation error: 0.005711	Circuit area: 901.470000	Circuit delay: 4869.500000
Simulation error: 0.005770	Circuit area: 899.610000	Circuit delay: 4944.110000
Simulation error: 0.005651	Circuit area: 929.140000	Circuit delay: 4883.820000
----- Approximating part 14 to degree 4
Simulation error: 0.007498	Circuit area: 873.810000	Circuit delay: 5019.430000
Simulation error: 0.005835	Circuit area: 957.870000	Circuit delay: 4860.960000
Simulation error: 0.005799	Circuit area: 864.230000	Circuit delay: 4927.510000
Simulation error: 0.010388	Circuit area: 858.380000	Circuit delay: 4947.860000
Simulation error: 0.011644	Circuit area: 853.330000	Circuit delay: 4361.110000
Simulation error: 0.007622	Circuit area: 871.680000	Circuit delay: 4846.800000
Simulation error: 0.007627	Circuit area: 865.560000	Circuit delay: 4852.290000
Simulation error: 0.005773	Circuit area: 920.890000	Circuit delay: 4966.640000
Simulation error: 0.005667	Circuit area: 892.160000	Circuit delay: 4905.460000
Simulation error: 0.007609	Circuit area: 874.610000	Circuit delay: 5007.850000
Simulation error: 0.007548	Circuit area: 847.480000	Circuit delay: 5048.530000
Simulation error: 0.005750	Circuit area: 894.290000	Circuit delay: 4864.980000
Simulation error: 0.007559	Circuit area: 883.120000	Circuit delay: 4826.780000
Simulation error: 0.007619	Circuit area: 867.430000	Circuit delay: 5068.540000
Simulation error: 0.005819	Circuit area: 931.800000	Circuit delay: 4812.830000
Simulation error: 0.005804	Circuit area: 902.010000	Circuit delay: 4854.950000
--------------- Finishing Iteration2---------------
Partition [array([14, 23, 26])] being approximated
Approximated error: 0.005754	Area : 852.530000	Delay : 5075.160000	Time used: 75.686831 sec

Current stream of factorization degree:
 [6, 6, 7, 6, 6, 6, 6, 8, 4, 6, 7, 7, 6, 6, 5, 7, 8, 3, 8, 6, 7, 6, 7, 6, 7, 6, 6, 7]
[6, 6, 7, 6, 6, 6, 6, 8, 4, 6, 7, 7, 6, 6, 6, 6, 8, 3, 8, 6, 7, 6, 7, 6, 7, 6, 6, 7]
[6, 6, 7, 6, 6, 5, 6, 8, 4, 6, 7, 7, 6, 6, 5, 7, 8, 3, 8, 6, 7, 6, 7, 7, 7, 6, 6, 7]
--------------- Iteration 3 ---------------
==========TRACK 0 ==========
Simulation error: 0.012333	Circuit area: 834.970000	Circuit delay: 5001.250000
Simulation error: 0.007711	Circuit area: 909.990000	Circuit delay: 4913.240000
Simulation error: 0.009566	Circuit area: 870.880000	Circuit delay: 5051.220000
Simulation error: 0.007652	Circuit area: 915.840000	Circuit delay: 4836.200000
Simulation error: 0.013590	Circuit area: 829.920000	Circuit delay: 4359.440000
Simulation error: 0.007745	Circuit area: 874.870000	Circuit delay: 4896.420000
Simulation error: 0.009554	Circuit area: 838.700000	Circuit delay: 5053.720000
Simulation error: 0.009494	Circuit area: 863.700000	Circuit delay: 4997.990000
Simulation error: 0.009471	Circuit area: 869.290000	Circuit delay: 4860.280000
Simulation error: 0.009568	Circuit area: 881.790000	Circuit delay: 4781.250000
Simulation error: 0.007781	Circuit area: 880.190000	Circuit delay: 5011.630000
Simulation error: 0.009650	Circuit area: 853.060000	Circuit delay: 5049.150000
Simulation error: 0.007747	Circuit area: 907.330000	Circuit delay: 4802.240000
Simulation error: 0.007765	Circuit area: 941.910000	Circuit delay: 4802.210000
Simulation error: 0.009709	Circuit area: 867.960000	Circuit delay: 4983.910000
Simulation error: 0.007759	Circuit area: 913.440000	Circuit delay: 4847.610000
Simulation error: 0.007597	Circuit area: 867.960000	Circuit delay: 4996.990000
Simulation error: 0.007724	Circuit area: 883.120000	Circuit delay: 5035.150000
Simulation error: 0.007657	Circuit area: 911.580000	Circuit delay: 4858.410000
Simulation error: 0.009443	Circuit area: 849.340000	Circuit delay: 5067.540000
Simulation error: 0.007783	Circuit area: 899.080000	Circuit delay: 4951.050000
Simulation error: 0.007613	Circuit area: 902.270000	Circuit delay: 4894.840000
Simulation error: 0.009505	Circuit area: 893.230000	Circuit delay: 4815.680000
Simulation error: 0.007696	Circuit area: 904.400000	Circuit delay: 4854.360000
Simulation error: 0.007592	Circuit area: 911.050000	Circuit delay: 4803.720000
Simulation error: 0.009565	Circuit area: 844.020000	Circuit delay: 5121.920000
Simulation error: 0.009573	Circuit area: 875.410000	Circuit delay: 4789.480000
Simulation error: 0.007750	Circuit area: 912.110000	Circuit delay: 4789.400000
==========TRACK 1 ==========
Simulation error: 0.009650	Circuit area: 847.210000	Circuit delay: 5019.920000
Simulation error: 0.007709	Circuit area: 923.550000	Circuit delay: 4863.760000
Simulation error: 0.007748	Circuit area: 923.290000	Circuit delay: 4788.860000
Simulation error: 0.009662	Circuit area: 892.160000	Circuit delay: 5020.150000
Simulation error: 0.007843	Circuit area: 914.770000	Circuit delay: 4754.900000
Simulation error: 0.009601	Circuit area: 898.020000	Circuit delay: 4822.620000
Simulation error: 0.009669	Circuit area: 888.710000	Circuit delay: 4760.370000
Simulation error: 0.007693	Circuit area: 869.820000	Circuit delay: 4972.090000
Simulation error: 0.009746	Circuit area: 861.570000	Circuit delay: 5015.350000
----- Approximating part 15 to degree 5
Simulation error: 0.009641	Circuit area: 856.250000	Circuit delay: 5011.980000
Simulation error: 0.007841	Circuit area: 883.650000	Circuit delay: 4865.460000
Simulation error: 0.007792	Circuit area: 911.850000	Circuit delay: 4807.020000
Simulation error: 0.007820	Circuit area: 894.030000	Circuit delay: 4998.680000
Simulation error: 0.013660	Circuit area: 831.250000	Circuit delay: 4359.440000
Simulation error: 0.007753	Circuit area: 932.860000	Circuit delay: 4827.340000
Simulation error: 0.007807	Circuit area: 923.020000	Circuit delay: 4886.880000
Simulation error: 0.009662	Circuit area: 855.190000	Circuit delay: 5093.080000
Simulation error: 0.012437	Circuit area: 842.420000	Circuit delay: 4944.090000
Simulation error: 0.007688	Circuit area: 918.500000	Circuit delay: 4756.390000
Simulation error: 0.007855	Circuit area: 934.720000	Circuit delay: 4816.540000
Simulation error: 0.009664	Circuit area: 889.240000	Circuit delay: 4733.910000
Simulation error: 0.009805	Circuit area: 877.000000	Circuit delay: 4949.820000
Simulation error: 0.009590	Circuit area: 869.550000	Circuit delay: 4969.660000
Simulation error: 0.007861	Circuit area: 941.370000	Circuit delay: 4715.420000
Simulation error: 0.009567	Circuit area: 876.740000	Circuit delay: 4812.940000
Simulation error: 0.007879	Circuit area: 901.210000	Circuit delay: 4925.810000
Simulation error: 0.007846	Circuit area: 919.560000	Circuit delay: 4742.060000
==========TRACK 2 ==========
Simulation error: 0.007760	Circuit area: 907.330000	Circuit delay: 4831.170000
Simulation error: 0.007804	Circuit area: 950.680000	Circuit delay: 4676.720000
Simulation error: 0.009754	Circuit area: 890.300000	Circuit delay: 4840.610000
Simulation error: 0.009600	Circuit area: 876.470000	Circuit delay: 4882.500000
Simulation error: 0.007702	Circuit area: 1059.480000	Circuit delay: 4468.960000
Simulation error: 0.009550	Circuit area: 923.290000	Circuit delay: 4727.720000
Simulation error: 0.007739	Circuit area: 946.430000	Circuit delay: 4697.510000
Simulation error: 0.009618	Circuit area: 866.630000	Circuit delay: 4814.790000
Simulation error: 0.007697	Circuit area: 969.040000	Circuit delay: 4635.300000
Simulation error: 0.013635	Circuit area: 841.360000	Circuit delay: 4214.540000
Simulation error: 0.007826	Circuit area: 891.630000	Circuit delay: 4866.730000
Simulation error: 0.007810	Circuit area: 1051.230000	Circuit delay: 4497.200000
Simulation error: 0.009488	Circuit area: 861.040000	Circuit delay: 4919.890000
Simulation error: 0.009611	Circuit area: 869.550000	Circuit delay: 4906.450000
Simulation error: 0.009539	Circuit area: 875.140000	Circuit delay: 4853.080000
Simulation error: 0.007828	Circuit area: 910.520000	Circuit delay: 4806.150000
Simulation error: 0.007642	Circuit area: 878.330000	Circuit delay: 4846.640000
Simulation error: 0.009516	Circuit area: 887.640000	Circuit delay: 4821.670000
Simulation error: 0.007637	Circuit area: 964.250000	Circuit delay: 4602.830000
----- Approximating part 5 to degree 4
Simulation error: 0.013454	Circuit area: 837.900000	Circuit delay: 5021.920000
Simulation error: 0.007764	Circuit area: 924.350000	Circuit delay: 4869.030000
Simulation error: 0.009613	Circuit area: 948.290000	Circuit delay: 4647.910000
Simulation error: 0.007658	Circuit area: 939.510000	Circuit delay: 4723.940000
Simulation error: 0.007795	Circuit area: 981.270000	Circuit delay: 4635.850000
Simulation error: 0.007759	Circuit area: 985.800000	Circuit delay: 4666.170000
Simulation error: 0.009610	Circuit area: 855.720000	Circuit delay: 4974.270000
Simulation error: 0.012378	Circuit area: 846.680000	Circuit delay: 4853.590000
--------------- Finishing Iteration3---------------
Partition [array([14, 23, 26, 27])] being approximated
Approximated error: 0.007597	Area : 867.960000	Delay : 4996.990000	Time used: 75.066870 sec

Reach threshold on 0.002
Reach error threshold. Exit approximation.

2416.21user 48.84system 6:01.09elapsed 682%CPU (0avgtext+0avgdata 203064maxresident)k
0inputs+3790640outputs (1164major+17331977minor)pagefaults 0swaps