/----------------------------------------------------------------------------\
|                                                                            |
|  BLASYS -- Approximate Logic Synthesis Using Boolean Matrix Factorization  |
|  Version: 0.5-beta                                                       |
|                                                                            |
|  Copyright (C) 2019  SCALE Lab, Brown University                           |
|                                                                            |
|  Permission to use, copy, modify, and/or distribute this software for any  |
|  purpose with or without fee is hereby granted, provided that the above    |
|  copyright notice and this permission notice appear in all copies.         |
|                                                                            |
|  THE SOFTWARE IS PROVIDED "AS IS" AND THE AUTHOR DISCLAIMS ALL WARRANTIES  |
|  WITH REGARD TO THIS SOFTWARE INCLUDING ALL IMPLIED WARRANTIES OF          |
|  MERCHANTABILITY AND FITNESS. IN NO EVENT SHALL THE AUTHOR BE LIABLE FOR   |
|  ANY SPECIAL, DIRECT, INDIRECT, OR CONSEQUENTIAL DAMAGES OR ANY DAMAGES    |
|  WHATSOEVER RESULTING FROM LOSS OF USE, DATA OR PROFITS, WHETHER IN AN     |
|  ACTION OF CONTRACT, NEGLIGENCE OR OTHER TORTIOUS ACTION, ARISING OUT OF   |
|  OR IN CONNECTION WITH THE USE OR PERFORMANCE OF THIS SOFTWARE.            |
|                                                                            |
\----------------------------------------------------------------------------/
Checking software dependency ...
Create output directory...
Simulating truth table on input design...
Synthesizing input design with original partitions...
Original design area  1050.7
Original design delay 4855.06
Parsing input verilog into aig format ...
Partitioning input circuit...
Number of partitions 28
Create testbench for partition 0
Generate truth table for partition 0
Create testbench for partition 1
Generate truth table for partition 1
Create testbench for partition 2
Generate truth table for partition 2
Create testbench for partition 3
Generate truth table for partition 3
Create testbench for partition 4
Generate truth table for partition 4
Create testbench for partition 5
Generate truth table for partition 5
Create testbench for partition 6
Generate truth table for partition 6
Create testbench for partition 7
Generate truth table for partition 7
Create testbench for partition 8
Generate truth table for partition 8
Create testbench for partition 9
Generate truth table for partition 9
Create testbench for partition 10
Generate truth table for partition 10
Create testbench for partition 11
Generate truth table for partition 11
Create testbench for partition 12
Generate truth table for partition 12
Create testbench for partition 13
Generate truth table for partition 13
Create testbench for partition 14
Generate truth table for partition 14
Create testbench for partition 15
Generate truth table for partition 15
Create testbench for partition 16
Generate truth table for partition 16
Create testbench for partition 17
Generate truth table for partition 17
Create testbench for partition 18
Generate truth table for partition 18
Create testbench for partition 19
Generate truth table for partition 19
Create testbench for partition 20
Generate truth table for partition 20
Create testbench for partition 21
Generate truth table for partition 21
Create testbench for partition 22
Generate truth table for partition 22
Create testbench for partition 23
Generate truth table for partition 23
Create testbench for partition 24
Generate truth table for partition 24
Create testbench for partition 25
Generate truth table for partition 25
Create testbench for partition 26
Generate truth table for partition 26
Create testbench for partition 27
Generate truth table for partition 27
==================== Starting Approximation by Greedy Search  ====================
Current stream of factorization degree:
 [6, 6, 7, 6, 6, 6, 6, 8, 4, 6, 7, 7, 6, 6, 6, 7, 8, 3, 8, 6, 7, 6, 7, 7, 7, 6, 7, 7]
--------------- Iteration 0 ---------------
==========TRACK 0 ==========
----- Approximating part 6 to degree 5
Simulation error: 0.001942	Circuit area: 972.500000	Circuit delay: 4732.380000
----- Approximating part 9 to degree 5
Simulation error: 0.003750	Circuit area: 961.320000	Circuit delay: 4586.120000
----- Approximating part 12 to degree 5
Simulation error: 0.001902	Circuit area: 979.680000	Circuit delay: 4644.610000
----- Approximating part 13 to degree 5
Simulation error: 0.001838	Circuit area: 979.150000	Circuit delay: 4574.160000
----- Approximating part 17 to degree 2
Simulation error: 0.003812	Circuit area: 813.160000	Circuit delay: 5259.230000
----- Approximating part 0 to degree 5
Simulation error: 0.001859	Circuit area: 970.370000	Circuit delay: 4720.780000
----- Approximating part 25 to degree 5
Simulation error: 0.004000	Circuit area: 892.700000	Circuit delay: 4866.250000
----- Approximating part 4 to degree 5
Simulation error: 0.001992	Circuit area: 975.420000	Circuit delay: 4736.190000
----- Approximating part 1 to degree 5
Simulation error: 0.003814	Circuit area: 949.890000	Circuit delay: 4715.190000
----- Approximating part 8 to degree 3
Simulation error: 0.003812	Circuit area: 836.040000	Circuit delay: 5191.530000
----- Approximating part 3 to degree 5
Simulation error: 0.003819	Circuit area: 943.770000	Circuit delay: 4720.680000
----- Approximating part 14 to degree 5
Simulation error: 0.001923	Circuit area: 843.490000	Circuit delay: 5188.830000
----- Approximating part 15 to degree 6
Simulation error: 0.002019	Circuit area: 860.240000	Circuit delay: 5096.900000
----- Approximating part 21 to degree 5
Simulation error: 0.003717	Circuit area: 854.390000	Circuit delay: 4854.440000
----- Approximating part 22 to degree 6
Simulation error: 0.001961	Circuit area: 904.400000	Circuit delay: 5008.470000
----- Approximating part 2 to degree 6
Simulation error: 0.001995	Circuit area: 980.210000	Circuit delay: 4723.350000
----- Approximating part 19 to degree 5
Simulation error: 0.007838	Circuit area: 870.620000	Circuit delay: 4283.540000
----- Approximating part 27 to degree 6
Simulation error: 0.001842	Circuit area: 903.070000	Circuit delay: 4988.470000
----- Approximating part 10 to degree 6
Simulation error: 0.001898	Circuit area: 983.930000	Circuit delay: 4606.640000
----- Approximating part 26 to degree 6
Simulation error: 0.001885	Circuit area: 858.120000	Circuit delay: 5138.540000
----- Approximating part 24 to degree 6
Simulation error: 0.001974	Circuit area: 843.490000	Circuit delay: 5170.200000
----- Approximating part 11 to degree 6
Simulation error: 0.002005	Circuit area: 981.540000	Circuit delay: 4618.050000
----- Approximating part 20 to degree 6
Simulation error: 0.003740	Circuit area: 833.640000	Circuit delay: 5035.520000
----- Approximating part 18 to degree 7
Simulation error: 0.002029	Circuit area: 873.540000	Circuit delay: 5062.050000
----- Approximating part 7 to degree 7
Simulation error: 0.002011	Circuit area: 1002.020000	Circuit delay: 4533.190000
----- Approximating part 5 to degree 5
Simulation error: 0.001991	Circuit area: 834.180000	Circuit delay: 4954.440000
----- Approximating part 16 to degree 7
Simulation error: 0.006587	Circuit area: 820.610000	Circuit delay: 5082.330000
----- Approximating part 23 to degree 6
Simulation error: 0.001944	Circuit area: 981.270000	Circuit delay: 4879.730000
--------------- Finishing Iteration0---------------
Partition [array([5])] being approximated
Approximated error: 0.001991	Area : 834.180000	Delay : 4954.440000	Time used: 104.214960 sec

Current stream of factorization degree:
 [6, 6, 7, 6, 6, 5, 6, 8, 4, 6, 7, 7, 6, 6, 6, 7, 8, 3, 8, 6, 7, 6, 7, 7, 7, 6, 7, 7]
[6, 6, 7, 6, 6, 6, 6, 8, 4, 6, 7, 7, 6, 6, 5, 7, 8, 3, 8, 6, 7, 6, 7, 7, 7, 6, 7, 7]
[6, 6, 7, 6, 6, 6, 6, 8, 4, 6, 7, 7, 6, 6, 6, 7, 8, 3, 8, 6, 7, 6, 7, 7, 6, 6, 7, 7]
--------------- Iteration 1 ---------------
==========TRACK 0 ==========
Simulation error: 0.003986	Circuit area: 1008.670000	Circuit delay: 4594.030000
Simulation error: 0.005991	Circuit area: 874.080000	Circuit delay: 4792.140000
Simulation error: 0.003935	Circuit area: 872.210000	Circuit delay: 5047.400000
Simulation error: 0.004019	Circuit area: 911.050000	Circuit delay: 4772.450000
Simulation error: 0.003950	Circuit area: 938.450000	Circuit delay: 4854.360000
Simulation error: 0.005741	Circuit area: 1040.590000	Circuit delay: 4373.110000
Simulation error: 0.003914	Circuit area: 947.490000	Circuit delay: 4674.720000
Simulation error: 0.003829	Circuit area: 884.180000	Circuit delay: 4722.360000
Simulation error: 0.003850	Circuit area: 842.160000	Circuit delay: 4931.140000
Simulation error: 0.005805	Circuit area: 979.680000	Circuit delay: 4618.940000
Simulation error: 0.003952	Circuit area: 930.730000	Circuit delay: 4898.130000
Simulation error: 0.003876	Circuit area: 912.380000	Circuit delay: 4887.160000
Simulation error: 0.005708	Circuit area: 904.670000	Circuit delay: 4741.610000
Simulation error: 0.003833	Circuit area: 925.150000	Circuit delay: 4781.760000
Simulation error: 0.009829	Circuit area: 856.250000	Circuit delay: 4148.290000
Simulation error: 0.003995	Circuit area: 887.910000	Circuit delay: 4731.660000
Simulation error: 0.008578	Circuit area: 962.120000	Circuit delay: 4544.060000
Simulation error: 0.003965	Circuit area: 952.550000	Circuit delay: 4848.860000
Simulation error: 0.005802	Circuit area: 830.720000	Circuit delay: 4968.650000
Simulation error: 0.005809	Circuit area: 812.360000	Circuit delay: 5034.600000
Simulation error: 0.003888	Circuit area: 888.970000	Circuit delay: 4765.400000
Simulation error: 0.005730	Circuit area: 862.640000	Circuit delay: 4886.060000
----- Approximating part 5 to degree 4
Simulation error: 0.009646	Circuit area: 807.840000	Circuit delay: 5112.210000
Simulation error: 0.004002	Circuit area: 892.700000	Circuit delay: 4676.740000
Simulation error: 0.004010	Circuit area: 954.140000	Circuit delay: 4646.280000
Simulation error: 0.005802	Circuit area: 875.140000	Circuit delay: 4924.350000
Simulation error: 0.003930	Circuit area: 866.360000	Circuit delay: 4920.440000
Simulation error: 0.003893	Circuit area: 957.330000	Circuit delay: 4647.560000
==========TRACK 1 ==========
Simulation error: 0.003826	Circuit area: 892.430000	Circuit delay: 4879.600000
Simulation error: 0.003928	Circuit area: 894.290000	Circuit delay: 4837.730000
Simulation error: 0.005923	Circuit area: 828.320000	Circuit delay: 4970.630000
Simulation error: 0.005663	Circuit area: 843.490000	Circuit delay: 4978.140000
Simulation error: 0.003809	Circuit area: 875.940000	Circuit delay: 5021.780000
Simulation error: 0.003821	Circuit area: 896.690000	Circuit delay: 4834.760000
Simulation error: 0.003898	Circuit area: 873.280000	Circuit delay: 5069.160000
Simulation error: 0.005742	Circuit area: 856.520000	Circuit delay: 4955.670000
Simulation error: 0.003916	Circuit area: 888.170000	Circuit delay: 4971.180000
Simulation error: 0.005674	Circuit area: 874.080000	Circuit delay: 4802.400000
Simulation error: 0.003765	Circuit area: 841.360000	Circuit delay: 5064.470000
Simulation error: 0.005734	Circuit area: 819.280000	Circuit delay: 5254.450000
Simulation error: 0.009759	Circuit area: 871.950000	Circuit delay: 4283.540000
Simulation error: 0.003952	Circuit area: 870.090000	Circuit delay: 5033.590000
Simulation error: 0.003761	Circuit area: 891.900000	Circuit delay: 4791.710000
Simulation error: 0.003884	Circuit area: 855.720000	Circuit delay: 5071.210000
Simulation error: 0.003867	Circuit area: 873.810000	Circuit delay: 5109.330000
Simulation error: 0.005735	Circuit area: 882.590000	Circuit delay: 5022.230000
Simulation error: 0.003934	Circuit area: 922.750000	Circuit delay: 4760.970000
Simulation error: 0.003782	Circuit area: 883.120000	Circuit delay: 4955.370000
Simulation error: 0.003950	Circuit area: 879.400000	Circuit delay: 5102.220000
Simulation error: 0.005737	Circuit area: 862.640000	Circuit delay: 4950.180000
Simulation error: 0.008502	Circuit area: 811.830000	Circuit delay: 5108.070000
----- Approximating part 14 to degree 4
Simulation error: 0.005612	Circuit area: 829.390000	Circuit delay: 5165.230000
Simulation error: 0.003919	Circuit area: 892.960000	Circuit delay: 4958.340000
Simulation error: 0.003865	Circuit area: 885.250000	Circuit delay: 4966.970000
Simulation error: 0.005640	Circuit area: 880.190000	Circuit delay: 4772.340000
==========TRACK 2 ==========
Simulation error: 0.005786	Circuit area: 929.400000	Circuit delay: 4943.960000
Simulation error: 0.005972	Circuit area: 863.440000	Circuit delay: 5019.790000
Simulation error: 0.003916	Circuit area: 883.920000	Circuit delay: 4986.570000
Simulation error: 0.005788	Circuit area: 871.150000	Circuit delay: 4955.190000
Simulation error: 0.008561	Circuit area: 872.210000	Circuit delay: 4909.000000
Simulation error: 0.003970	Circuit area: 902.010000	Circuit delay: 4947.480000
Simulation error: 0.003877	Circuit area: 883.650000	Circuit delay: 5035.600000
Simulation error: 0.003812	Circuit area: 916.370000	Circuit delay: 4951.880000
Simulation error: 0.005691	Circuit area: 938.710000	Circuit delay: 4801.980000
Simulation error: 0.003967	Circuit area: 896.420000	Circuit delay: 4971.070000
Simulation error: 0.003816	Circuit area: 914.240000	Circuit delay: 4973.700000
Simulation error: 0.005714	Circuit area: 835.770000	Circuit delay: 5092.330000
Simulation error: 0.003985	Circuit area: 925.950000	Circuit delay: 4895.100000
Simulation error: 0.003872	Circuit area: 920.630000	Circuit delay: 4990.360000
Simulation error: 0.005793	Circuit area: 864.770000	Circuit delay: 4948.400000
Simulation error: 0.003924	Circuit area: 891.900000	Circuit delay: 5087.900000
Simulation error: 0.003979	Circuit area: 920.360000	Circuit delay: 4904.560000
Simulation error: 0.003994	Circuit area: 869.550000	Circuit delay: 5040.400000
Simulation error: 0.003940	Circuit area: 988.720000	Circuit delay: 4825.800000
Simulation error: 0.005786	Circuit area: 814.230000	Circuit delay: 5201.710000
Simulation error: 0.003833	Circuit area: 932.060000	Circuit delay: 4925.610000
Simulation error: 0.003850	Circuit area: 931.800000	Circuit delay: 4958.010000
Simulation error: 0.005725	Circuit area: 878.070000	Circuit delay: 5028.240000
Simulation error: 0.009812	Circuit area: 857.850000	Circuit delay: 4280.470000
Simulation error: 0.004003	Circuit area: 869.020000	Circuit delay: 5043.710000
----- Approximating part 24 to degree 5
Simulation error: 0.005856	Circuit area: 836.300000	Circuit delay: 5175.780000
--------------- Finishing Iteration1---------------
Partition [array([14, 27])] being approximated
Approximated error: 0.003765	Area : 841.360000	Delay : 5064.470000	Time used: 34.023273 sec

Current stream of factorization degree:
 [6, 6, 7, 6, 6, 6, 6, 8, 4, 6, 7, 7, 6, 6, 5, 7, 8, 3, 8, 6, 7, 6, 7, 7, 7, 6, 7, 6]
[5, 6, 7, 6, 6, 5, 6, 8, 4, 6, 7, 7, 6, 6, 6, 7, 8, 3, 8, 6, 7, 6, 7, 7, 7, 6, 7, 7]
[6, 6, 7, 6, 6, 6, 6, 8, 4, 6, 7, 7, 6, 6, 5, 7, 8, 3, 8, 6, 7, 6, 6, 7, 7, 6, 7, 7]
--------------- Iteration 2 ---------------
==========TRACK 0 ==========
Simulation error: 0.005770	Circuit area: 911.320000	Circuit delay: 4811.460000
Simulation error: 0.007577	Circuit area: 842.690000	Circuit delay: 5033.740000
Simulation error: 0.005760	Circuit area: 909.990000	Circuit delay: 4781.940000
Simulation error: 0.005667	Circuit area: 909.450000	Circuit delay: 4822.880000
Simulation error: 0.007454	Circuit area: 838.170000	Circuit delay: 5056.850000
Simulation error: 0.007516	Circuit area: 891.100000	Circuit delay: 4780.150000
Simulation error: 0.005624	Circuit area: 900.140000	Circuit delay: 4858.680000
Simulation error: 0.005791	Circuit area: 863.440000	Circuit delay: 5037.650000
Simulation error: 0.005776	Circuit area: 954.670000	Circuit delay: 4765.200000
Simulation error: 0.005709	Circuit area: 851.200000	Circuit delay: 5052.020000
Simulation error: 0.007773	Circuit area: 895.620000	Circuit delay: 4869.270000
Simulation error: 0.007584	Circuit area: 873.540000	Circuit delay: 4779.270000
Simulation error: 0.011601	Circuit area: 817.950000	Circuit delay: 4343.540000
Simulation error: 0.005756	Circuit area: 925.950000	Circuit delay: 4765.900000
Simulation error: 0.005707	Circuit area: 902.270000	Circuit delay: 4818.200000
Simulation error: 0.007576	Circuit area: 831.780000	Circuit delay: 5111.230000
Simulation error: 0.005663	Circuit area: 913.710000	Circuit delay: 4800.660000
Simulation error: 0.005794	Circuit area: 911.320000	Circuit delay: 4958.900000
Simulation error: 0.007483	Circuit area: 929.940000	Circuit delay: 4847.330000
Simulation error: 0.005651	Circuit area: 929.140000	Circuit delay: 4883.820000
Simulation error: 0.005603	Circuit area: 908.920000	Circuit delay: 4768.190000
Simulation error: 0.005757	Circuit area: 905.200000	Circuit delay: 4794.780000
Simulation error: 0.005740	Circuit area: 866.360000	Circuit delay: 5031.070000
----- Approximating part 27 to degree 5
Simulation error: 0.007548	Circuit area: 876.200000	Circuit delay: 4969.700000
Simulation error: 0.005726	Circuit area: 879.400000	Circuit delay: 4980.240000
Simulation error: 0.010344	Circuit area: 823.800000	Circuit delay: 4990.550000
Simulation error: 0.007482	Circuit area: 881.790000	Circuit delay: 4837.150000
Simulation error: 0.007579	Circuit area: 879.660000	Circuit delay: 4773.780000
==========TRACK 1 ==========
Simulation error: 0.011688	Circuit area: 820.610000	Circuit delay: 4220.770000
Simulation error: 0.007600	Circuit area: 872.750000	Circuit delay: 4854.970000
Simulation error: 0.005854	Circuit area: 904.130000	Circuit delay: 4819.340000
Simulation error: 0.005735	Circuit area: 883.650000	Circuit delay: 4891.360000
Simulation error: 0.005783	Circuit area: 897.220000	Circuit delay: 4832.060000
Simulation error: 0.007850	Circuit area: 868.490000	Circuit delay: 4850.060000
Simulation error: 0.005691	Circuit area: 921.690000	Circuit delay: 4794.470000
Simulation error: 0.005688	Circuit area: 857.050000	Circuit delay: 4886.050000
Simulation error: 0.005773	Circuit area: 842.950000	Circuit delay: 5006.650000
Simulation error: 0.005794	Circuit area: 984.470000	Circuit delay: 4684.300000
Simulation error: 0.007661	Circuit area: 857.850000	Circuit delay: 4983.710000
Simulation error: 0.005811	Circuit area: 938.980000	Circuit delay: 4863.000000
Simulation error: 0.005747	Circuit area: 860.780000	Circuit delay: 4903.870000
Simulation error: 0.007665	Circuit area: 824.330000	Circuit delay: 4963.310000
Simulation error: 0.007661	Circuit area: 827.530000	Circuit delay: 4995.500000
Simulation error: 0.010436	Circuit area: 913.980000	Circuit delay: 4584.900000
Simulation error: 0.005789	Circuit area: 859.980000	Circuit delay: 5018.420000
Simulation error: 0.011505	Circuit area: 909.190000	Circuit delay: 4956.590000
Simulation error: 0.005845	Circuit area: 881.260000	Circuit delay: 4863.410000
Simulation error: 0.007589	Circuit area: 840.290000	Circuit delay: 4850.320000
Simulation error: 0.005869	Circuit area: 879.660000	Circuit delay: 4769.440000
Simulation error: 0.007598	Circuit area: 858.120000	Circuit delay: 4833.680000
Simulation error: 0.007567	Circuit area: 858.120000	Circuit delay: 5047.910000
Simulation error: 0.005878	Circuit area: 881.260000	Circuit delay: 4842.220000
Simulation error: 0.005809	Circuit area: 894.030000	Circuit delay: 4995.160000
----- Approximating part 0 to degree 4
Simulation error: 0.007488	Circuit area: 839.500000	Circuit delay: 4944.990000
Simulation error: 0.005824	Circuit area: 883.920000	Circuit delay: 4990.200000
Simulation error: 0.005860	Circuit area: 873.280000	Circuit delay: 4881.240000
==========TRACK 2 ==========
Simulation error: 0.007696	Circuit area: 863.440000	Circuit delay: 5014.270000
Simulation error: 0.005880	Circuit area: 1003.880000	Circuit delay: 4658.130000
Simulation error: 0.007635	Circuit area: 985.000000	Circuit delay: 4697.040000
Simulation error: 0.007624	Circuit area: 866.630000	Circuit delay: 4986.350000
Simulation error: 0.005877	Circuit area: 999.100000	Circuit delay: 4677.700000
Simulation error: 0.005889	Circuit area: 1005.210000	Circuit delay: 4728.970000
Simulation error: 0.005770	Circuit area: 899.610000	Circuit delay: 4944.110000
Simulation error: 0.005863	Circuit area: 969.840000	Circuit delay: 4914.930000
Simulation error: 0.005787	Circuit area: 1003.350000	Circuit delay: 4739.770000
Simulation error: 0.005875	Circuit area: 992.980000	Circuit delay: 4698.190000
Simulation error: 0.005722	Circuit area: 1002.820000	Circuit delay: 4685.080000
Simulation error: 0.005911	Circuit area: 881.790000	Circuit delay: 5050.520000
Simulation error: 0.005895	Circuit area: 961.590000	Circuit delay: 4927.100000
Simulation error: 0.005824	Circuit area: 957.600000	Circuit delay: 4992.290000
Simulation error: 0.007574	Circuit area: 852.530000	Circuit delay: 5063.590000
Simulation error: 0.007695	Circuit area: 846.150000	Circuit delay: 5117.960000
Simulation error: 0.007884	Circuit area: 881.790000	Circuit delay: 4948.030000
Simulation error: 0.007703	Circuit area: 967.440000	Circuit delay: 4648.740000
Simulation error: 0.005913	Circuit area: 899.080000	Circuit delay: 4961.470000
Simulation error: 0.007698	Circuit area: 973.560000	Circuit delay: 4649.990000
Simulation error: 0.005743	Circuit area: 994.040000	Circuit delay: 4776.190000
Simulation error: 0.005826	Circuit area: 996.170000	Circuit delay: 4735.710000
Simulation error: 0.011720	Circuit area: 835.510000	Circuit delay: 4356.410000
Simulation error: 0.005782	Circuit area: 1007.610000	Circuit delay: 4717.550000
----- Approximating part 22 to degree 5
Simulation error: 0.007715	Circuit area: 887.910000	Circuit delay: 5002.870000
Simulation error: 0.010464	Circuit area: 838.170000	Circuit delay: 4997.290000
Simulation error: 0.007605	Circuit area: 866.630000	Circuit delay: 4943.040000
--------------- Finishing Iteration2---------------
Partition [array([ 0,  5, 14])] being approximated
Approximated error: 0.005773	Area : 842.950000	Delay : 5006.650000	Time used: 33.945960 sec

Current stream of factorization degree:
 [5, 6, 7, 6, 6, 5, 6, 8, 4, 6, 7, 7, 6, 6, 5, 7, 8, 3, 8, 6, 7, 6, 7, 7, 7, 6, 7, 7]
[6, 6, 7, 6, 6, 6, 6, 8, 4, 6, 7, 7, 6, 6, 5, 7, 8, 3, 8, 6, 7, 6, 7, 6, 7, 6, 7, 6]
[5, 6, 7, 6, 6, 5, 6, 8, 4, 6, 7, 7, 6, 5, 6, 7, 8, 3, 8, 6, 7, 6, 7, 7, 7, 6, 7, 7]
--------------- Iteration 3 ---------------
==========TRACK 0 ==========
Simulation error: 0.009512	Circuit area: 878.600000	Circuit delay: 4743.860000
Simulation error: 0.007658	Circuit area: 939.510000	Circuit delay: 4723.940000
Simulation error: 0.007733	Circuit area: 891.900000	Circuit delay: 4999.090000
Simulation error: 0.007802	Circuit area: 881.520000	Circuit delay: 4820.350000
Simulation error: 0.007615	Circuit area: 868.490000	Circuit delay: 4834.570000
Simulation error: 0.013609	Circuit area: 821.940000	Circuit delay: 4220.770000
Simulation error: 0.009521	Circuit area: 840.830000	Circuit delay: 4950.110000
Simulation error: 0.007784	Circuit area: 942.440000	Circuit delay: 4674.080000
Simulation error: 0.007799	Circuit area: 890.830000	Circuit delay: 4751.280000
Simulation error: 0.007778	Circuit area: 932.060000	Circuit delay: 4727.580000
Simulation error: 0.009523	Circuit area: 900.680000	Circuit delay: 4763.200000
Simulation error: 0.009588	Circuit area: 855.720000	Circuit delay: 4861.080000
Simulation error: 0.013428	Circuit area: 859.180000	Circuit delay: 5047.140000
Simulation error: 0.009584	Circuit area: 885.780000	Circuit delay: 4891.940000
Simulation error: 0.007768	Circuit area: 863.970000	Circuit delay: 4978.800000
Simulation error: 0.009584	Circuit area: 836.040000	Circuit delay: 4980.380000
Simulation error: 0.007747	Circuit area: 913.710000	Circuit delay: 4889.160000
Simulation error: 0.009412	Circuit area: 866.100000	Circuit delay: 4849.210000
Simulation error: 0.007706	Circuit area: 923.820000	Circuit delay: 4736.280000
Simulation error: 0.007611	Circuit area: 888.970000	Circuit delay: 4783.860000
Simulation error: 0.009490	Circuit area: 891.100000	Circuit delay: 4947.690000
Simulation error: 0.012352	Circuit area: 818.750000	Circuit delay: 4823.120000
Simulation error: 0.009462	Circuit area: 831.250000	Circuit delay: 4892.070000
Simulation error: 0.007734	Circuit area: 886.050000	Circuit delay: 4932.530000
Simulation error: 0.007712	Circuit area: 886.840000	Circuit delay: 4922.460000
Simulation error: 0.009773	Circuit area: 866.360000	Circuit delay: 4831.340000
Simulation error: 0.007717	Circuit area: 938.980000	Circuit delay: 4832.050000
Simulation error: 0.007671	Circuit area: 892.700000	Circuit delay: 4801.680000
==========TRACK 1 ==========
Simulation error: 0.009528	Circuit area: 897.750000	Circuit delay: 4768.020000
Simulation error: 0.007568	Circuit area: 931.530000	Circuit delay: 4790.630000
Simulation error: 0.009717	Circuit area: 869.820000	Circuit delay: 4971.990000
Simulation error: 0.007597	Circuit area: 867.960000	Circuit delay: 4996.990000
Simulation error: 0.009520	Circuit area: 841.620000	Circuit delay: 5098.780000
Simulation error: 0.009460	Circuit area: 922.490000	Circuit delay: 4711.470000
Simulation error: 0.007700	Circuit area: 881.260000	Circuit delay: 4891.980000
Simulation error: 0.009398	Circuit area: 848.010000	Circuit delay: 5044.410000
Simulation error: 0.007666	Circuit area: 929.940000	Circuit delay: 4909.990000
Simulation error: 0.007702	Circuit area: 929.400000	Circuit delay: 4783.540000
Simulation error: 0.007689	Circuit area: 916.370000	Circuit delay: 4961.400000
Simulation error: 0.009523	Circuit area: 903.870000	Circuit delay: 4762.540000
Simulation error: 0.009426	Circuit area: 892.430000	Circuit delay: 4863.120000
Simulation error: 0.009427	Circuit area: 927.810000	Circuit delay: 4931.090000
Simulation error: 0.009492	Circuit area: 909.720000	Circuit delay: 4864.920000
Simulation error: 0.013545	Circuit area: 829.650000	Circuit delay: 4323.490000
Simulation error: 0.007607	Circuit area: 937.920000	Circuit delay: 4813.480000
Simulation error: 0.007705	Circuit area: 934.190000	Circuit delay: 4770.690000
Simulation error: 0.012288	Circuit area: 833.640000	Circuit delay: 4978.110000
Simulation error: 0.007612	Circuit area: 940.840000	Circuit delay: 4754.200000
Simulation error: 0.007547	Circuit area: 933.130000	Circuit delay: 4781.010000
Simulation error: 0.009521	Circuit area: 867.430000	Circuit delay: 5015.840000
Simulation error: 0.007738	Circuit area: 950.950000	Circuit delay: 4863.920000
Simulation error: 0.007714	Circuit area: 942.700000	Circuit delay: 4743.410000
Simulation error: 0.007736	Circuit area: 875.140000	Circuit delay: 5017.600000
Simulation error: 0.007651	Circuit area: 926.480000	Circuit delay: 4831.640000
Simulation error: 0.007720	Circuit area: 964.520000	Circuit delay: 4773.410000
----- Approximating part 23 to degree 5
Simulation error: 0.009605	Circuit area: 853.060000	Circuit delay: 5025.780000
==========TRACK 2 ==========
Simulation error: 0.009436	Circuit area: 857.050000	Circuit delay: 4825.650000
Simulation error: 0.013343	Circuit area: 962.650000	Circuit delay: 4759.060000
Simulation error: 0.009436	Circuit area: 890.040000	Circuit delay: 4720.260000
Simulation error: 0.007716	Circuit area: 903.600000	Circuit delay: 4720.400000
Simulation error: 0.009499	Circuit area: 919.030000	Circuit delay: 4808.280000
Simulation error: 0.007573	Circuit area: 928.070000	Circuit delay: 4704.450000
Simulation error: 0.013526	Circuit area: 937.650000	Circuit delay: 3824.420000
Simulation error: 0.007647	Circuit area: 900.410000	Circuit delay: 4968.960000
Simulation error: 0.007695	Circuit area: 899.880000	Circuit delay: 4895.050000
Simulation error: 0.007662	Circuit area: 889.500000	Circuit delay: 4814.830000
Simulation error: 0.012274	Circuit area: 866.100000	Circuit delay: 4677.360000
Simulation error: 0.007627	Circuit area: 893.490000	Circuit delay: 4848.470000
Simulation error: 0.009688	Circuit area: 932.600000	Circuit delay: 4602.250000
Simulation error: 0.009405	Circuit area: 891.900000	Circuit delay: 4892.600000
Simulation error: 0.007529	Circuit area: 944.570000	Circuit delay: 4672.520000
Simulation error: 0.009503	Circuit area: 873.010000	Circuit delay: 4820.590000
Simulation error: 0.007683	Circuit area: 905.200000	Circuit delay: 4764.900000
Simulation error: 0.009427	Circuit area: 929.400000	Circuit delay: 4567.090000
Simulation error: 0.009499	Circuit area: 856.250000	Circuit delay: 4881.690000
Simulation error: 0.007588	Circuit area: 912.910000	Circuit delay: 4827.030000
Simulation error: 0.007649	Circuit area: 951.480000	Circuit delay: 4726.490000
Simulation error: 0.007707	Circuit area: 993.510000	Circuit delay: 4467.360000
Simulation error: 0.007622	Circuit area: 856.790000	Circuit delay: 4865.590000
Simulation error: 0.007698	Circuit area: 924.350000	Circuit delay: 4765.510000
Simulation error: 0.009326	Circuit area: 890.830000	Circuit delay: 4751.200000
----- Approximating part 13 to degree 4
Simulation error: 0.009616	Circuit area: 868.760000	Circuit delay: 4847.220000
Simulation error: 0.007632	Circuit area: 1015.850000	Circuit delay: 4509.460000
--------------- Finishing Iteration3---------------
Partition [array([ 0,  5, 12, 13])] being approximated
Approximated error: 0.007622	Area : 856.790000	Delay : 4865.590000	Time used: 35.521869 sec

Reach threshold on 0.002
Reach error threshold. Exit approximation.

2795.63user 60.52system 3:43.32elapsed 1278%CPU (0avgtext+0avgdata 203012maxresident)k
0inputs+3935744outputs (1188major+18037144minor)pagefaults 0swaps
